[01/07/2024 22:22:39] [WARNING] mysql_connect: no password specified
[01/07/2024 22:24:53] [WARNING] mysql_connect: no password specified
[01/07/2024 22:25:04] [WARNING] mysql_connect: no password specified
[01/07/2024 22:26:32] [WARNING] mysql_connect: no password specified
[01/07/2024 22:27:45] [WARNING] mysql_connect: no password specified
[01/07/2024 23:08:39] [WARNING] mysql_connect: no password specified
[01/07/2024 23:09:44] [WARNING] mysql_connect: no password specified
[01/07/2024 23:11:27] [WARNING] mysql_connect: no password specified
[01/07/2024 23:13:21] [WARNING] mysql_connect: no password specified
[01/07/2024 23:18:28] [WARNING] mysql_connect: no password specified
[01/07/2024 23:20:26] [WARNING] mysql_connect: no password specified
[01/07/2024 23:21:35] [WARNING] mysql_connect: no password specified
[01/07/2024 23:22:58] [WARNING] mysql_connect: no password specified
[01/07/2024 23:42:06] [WARNING] mysql_connect: no password specified
[01/07/2024 23:44:05] [WARNING] mysql_connect: no password specified
[01/07/2024 23:59:17] [WARNING] mysql_connect: no password specified
[02/07/2024 00:00:22] [WARNING] mysql_connect: no password specified
[02/07/2024 00:01:39] [WARNING] mysql_connect: no password specified
[02/07/2024 00:02:47] [WARNING] mysql_connect: no password specified
[02/07/2024 00:03:30] [WARNING] mysql_connect: no password specified
[02/07/2024 00:19:43] [WARNING] mysql_connect: no password specified
[02/07/2024 00:20:51] [WARNING] mysql_connect: no password specified
[02/07/2024 00:22:59] [WARNING] mysql_connect: no password specified
[02/07/2024 00:25:08] [WARNING] mysql_connect: no password specified
[02/07/2024 00:25:44] [WARNING] mysql_connect: no password specified
[02/07/2024 00:37:28] [WARNING] mysql_connect: no password specified
[02/07/2024 00:38:08] [WARNING] mysql_connect: no password specified
[02/07/2024 00:40:04] [WARNING] mysql_connect: no password specified
[02/07/2024 00:41:10] [WARNING] mysql_connect: no password specified
[02/07/2024 00:44:21] [WARNING] mysql_connect: no password specified
[02/07/2024 00:44:47] [WARNING] mysql_connect: no password specified
[02/07/2024 00:49:07] [WARNING] mysql_connect: no password specified
[02/07/2024 00:49:30] [WARNING] mysql_connect: no password specified
[02/07/2024 00:50:08] [WARNING] mysql_connect: no password specified
[02/07/2024 00:52:16] [WARNING] mysql_connect: no password specified
[02/07/2024 00:53:15] [WARNING] mysql_connect: no password specified
[02/07/2024 00:54:02] [WARNING] mysql_connect: no password specified
[02/07/2024 00:54:22] [WARNING] mysql_connect: no password specified
[02/07/2024 01:08:34] [WARNING] mysql_connect: no password specified
[02/07/2024 01:10:53] [WARNING] mysql_connect: no password specified
[02/07/2024 01:15:08] [WARNING] mysql_connect: no password specified
[02/07/2024 01:18:18] [WARNING] mysql_connect: no password specified
[02/07/2024 01:26:04] [WARNING] mysql_connect: no password specified
[08/07/2024 20:09:53] [WARNING] mysql_connect: no password specified
[08/07/2024 20:11:53] [WARNING] mysql_connect: no password specified
[08/07/2024 20:30:09] [WARNING] mysql_connect: no password specified
[08/07/2024 20:31:38] [WARNING] mysql_connect: no password specified
[08/07/2024 20:34:16] [WARNING] mysql_connect: no password specified
[08/07/2024 20:38:34] [WARNING] mysql_connect: no password specified
[08/07/2024 20:43:44] [WARNING] mysql_connect: no password specified
[08/07/2024 20:50:50] [WARNING] mysql_connect: no password specified
[08/07/2024 20:53:01] [WARNING] mysql_connect: no password specified
[08/07/2024 20:54:10] [WARNING] mysql_connect: no password specified
[08/07/2024 21:00:34] [WARNING] mysql_connect: no password specified
[08/07/2024 21:03:24] [WARNING] mysql_connect: no password specified
[08/07/2024 21:08:12] [WARNING] mysql_connect: no password specified
[08/07/2024 21:31:40] [WARNING] mysql_connect: no password specified
[08/07/2024 21:35:34] [WARNING] mysql_connect: no password specified
[08/07/2024 21:39:34] [WARNING] mysql_connect: no password specified
[08/07/2024 21:39:53] [WARNING] mysql_connect: no password specified
[08/07/2024 21:44:00] [WARNING] mysql_connect: no password specified
[08/07/2024 21:49:18] [WARNING] mysql_connect: no password specified
[08/07/2024 21:56:14] [WARNING] mysql_connect: no password specified
[08/07/2024 21:58:28] [WARNING] mysql_connect: no password specified
[08/07/2024 22:01:30] [WARNING] mysql_connect: no password specified
[08/07/2024 22:10:06] [WARNING] mysql_connect: no password specified
[08/07/2024 22:38:10] [WARNING] mysql_connect: no password specified
[08/07/2024 22:42:08] [WARNING] mysql_connect: no password specified
[08/07/2024 22:45:33] [WARNING] mysql_connect: no password specified
[08/07/2024 22:51:35] [WARNING] mysql_connect: no password specified
[08/07/2024 22:52:55] [WARNING] mysql_connect: no password specified
[08/07/2024 22:55:09] [WARNING] mysql_connect: no password specified
[08/07/2024 23:00:07] [WARNING] mysql_connect: no password specified
[08/07/2024 23:01:05] [WARNING] mysql_connect: no password specified
[09/07/2024 00:16:42] [WARNING] mysql_connect: no password specified
[09/07/2024 00:40:57] [WARNING] mysql_connect: no password specified
[09/07/2024 00:57:37] [WARNING] mysql_connect: no password specified
[09/07/2024 01:01:52] [WARNING] mysql_connect: no password specified
[09/07/2024 01:05:58] [WARNING] mysql_connect: no password specified
[09/07/2024 01:12:02] [WARNING] mysql_connect: no password specified
[09/07/2024 01:15:04] [WARNING] mysql_connect: no password specified
[09/07/2024 01:18:49] [WARNING] mysql_connect: no password specified
[09/07/2024 01:22:02] [WARNING] mysql_connect: no password specified
[09/07/2024 01:23:34] [WARNING] mysql_connect: no password specified
[09/07/2024 01:26:04] [WARNING] mysql_connect: no password specified
[09/07/2024 01:38:16] [WARNING] mysql_connect: no password specified
[09/07/2024 01:42:50] [WARNING] mysql_connect: no password specified
[09/07/2024 02:00:27] [WARNING] mysql_connect: no password specified
[09/07/2024 02:21:15] [WARNING] mysql_connect: no password specified
[09/07/2024 02:32:50] [WARNING] mysql_connect: no password specified
[09/07/2024 03:00:05] [WARNING] mysql_connect: no password specified
[10/07/2024 10:37:24] [WARNING] mysql_connect: no password specified
[10/07/2024 10:54:20] [WARNING] mysql_connect: no password specified
[10/07/2024 11:06:23] [WARNING] mysql_connect: no password specified
[10/07/2024 11:07:19] [WARNING] mysql_connect: no password specified
[10/07/2024 11:07:52] [WARNING] mysql_connect: no password specified
[10/07/2024 23:19:35] [WARNING] mysql_connect: no password specified
[10/07/2024 23:23:22] [WARNING] mysql_connect: no password specified
[10/07/2024 23:29:31] [WARNING] mysql_connect: no password specified
[10/07/2024 23:31:43] [WARNING] mysql_connect: no password specified
[11/07/2024 00:18:19] [WARNING] mysql_connect: no password specified
[11/07/2024 00:40:13] [WARNING] mysql_connect: no password specified
[11/07/2024 00:52:39] [WARNING] mysql_connect: no password specified
[11/07/2024 01:00:02] [WARNING] mysql_connect: no password specified
[11/07/2024 01:07:55] [WARNING] mysql_connect: no password specified
[11/07/2024 01:14:04] [WARNING] mysql_connect: no password specified
[11/07/2024 01:30:54] [WARNING] mysql_connect: no password specified
[11/07/2024 01:41:59] [WARNING] mysql_connect: no password specified
[11/07/2024 01:56:50] [WARNING] mysql_connect: no password specified
[11/07/2024 02:00:38] [WARNING] mysql_connect: no password specified
[11/07/2024 02:02:22] [WARNING] mysql_connect: no password specified
[11/07/2024 02:08:42] [WARNING] mysql_connect: no password specified
[11/07/2024 02:12:03] [WARNING] mysql_connect: no password specified
[11/07/2024 02:18:03] [WARNING] mysql_connect: no password specified
[11/07/2024 02:20:51] [WARNING] mysql_connect: no password specified
[11/07/2024 02:22:44] [WARNING] mysql_connect: no password specified
[11/07/2024 23:55:49] [WARNING] mysql_connect: no password specified
[11/07/2024 23:55:53] [ERROR] CConnection::CConnection - establishing connection to MySQL database failed: #2002 'Can't connect to MySQL server on 'localhost' (10061)'
[11/07/2024 23:55:57] [ERROR] CConnection::CConnection - establishing connection to MySQL database failed: #2002 'Can't connect to MySQL server on 'localhost' (10061)'
[11/07/2024 23:56:02] [ERROR] CConnection::CConnection - establishing connection to MySQL database failed: #2002 'Can't connect to MySQL server on 'localhost' (10061)'
[11/07/2024 23:56:06] [ERROR] CConnection::CConnection - establishing connection to MySQL database failed: #2002 'Can't connect to MySQL server on 'localhost' (10061)'
[11/07/2024 23:56:50] [WARNING] mysql_connect: no password specified
[14/07/2024 01:42:35] [WARNING] mysql_connect: no password specified
[14/07/2024 01:46:11] [WARNING] mysql_connect: no password specified
[14/07/2024 01:52:09] [WARNING] mysql_connect: no password specified
[14/07/2024 01:57:30] [WARNING] mysql_connect: no password specified
[14/07/2024 01:58:34] [WARNING] mysql_connect: no password specified
[14/07/2024 01:59:12] [WARNING] mysql_connect: no password specified
[27/07/2024 01:13:29] [WARNING] mysql_connect: no password specified
[27/07/2024 01:18:17] [WARNING] mysql_connect: no password specified
[27/07/2024 01:19:10] [WARNING] mysql_connect: no password specified
[27/07/2024 01:20:55] [WARNING] mysql_connect: no password specified
[27/07/2024 01:25:09] [WARNING] mysql_connect: no password specified
[29/07/2024 19:01:06] [WARNING] mysql_connect: no password specified
[29/07/2024 19:19:34] [WARNING] mysql_connect: no password specified
[22/08/2024 23:29:16] [WARNING] mysql_connect: no password specified
[22/08/2024 23:29:20] [ERROR] CConnection::CConnection - establishing connection to MySQL database failed: #2002 'Can't connect to MySQL server on 'localhost' (10061)'
[22/08/2024 23:30:51] [WARNING] mysql_connect: no password specified
[22/08/2024 23:30:55] [ERROR] CConnection::CConnection - establishing connection to MySQL database failed: #2002 'Can't connect to MySQL server on 'localhost' (10061)'
[22/08/2024 23:30:59] [ERROR] CConnection::CConnection - establishing connection to MySQL database failed: #2002 'Can't connect to MySQL server on 'localhost' (10061)'
[22/08/2024 23:31:03] [ERROR] CConnection::CConnection - establishing connection to MySQL database failed: #2002 'Can't connect to MySQL server on 'localhost' (10061)'
[22/08/2024 23:31:07] [ERROR] CConnection::CConnection - establishing connection to MySQL database failed: #2002 'Can't connect to MySQL server on 'localhost' (10061)'
[22/08/2024 23:32:17] [WARNING] mysql_connect: no password specified
[25/08/2024 02:04:24] [WARNING] mysql_connect: no password specified
[25/08/2024 02:05:52] [ERROR] error #1062 while executing query "INSERT INTO accounts (username, password, email, birth_date, genre, register_date) VALUES('Wili_Macena', '$2b$12$.gIfZ45WMb7MQHO9ecxsa.cG1qfVQmIwOJ0OvhV3fyl15D54afvZm', 'wilidasilva16@gmail.com', '16/10/1999', 'M', '25/08/2024, 02:05:52');": Duplicate entry 'Wili_Macena' for key 'username'
[25/08/2024 02:05:57] [ERROR] error #1062 while executing query "INSERT INTO accounts (username, password, email, birth_date, genre, register_date) VALUES('Wili_Macena', '$2b$12$6SjVZMRGph3xQRfAV/yY..DV40Jc3m0fLwCsdoQrwWJoG1rIYN.o.', 'wilidasilva16@gmail.com', '16/10/1999', 'M', '25/08/2024, 02:05:57');": Duplicate entry 'Wili_Macena' for key 'username'
[25/08/2024 15:02:36] [WARNING] mysql_connect: no password specified
[25/08/2024 15:04:47] [WARNING] mysql_connect: no password specified
[25/08/2024 15:50:13] [WARNING] mysql_connect: no password specified
[25/08/2024 16:17:40] [WARNING] mysql_connect: no password specified
[25/08/2024 16:24:24] [WARNING] mysql_connect: no password specified
[25/08/2024 16:44:50] [WARNING] mysql_connect: no password specified
[25/08/2024 16:47:15] [WARNING] mysql_connect: no password specified
[25/08/2024 16:52:23] [WARNING] mysql_connect: no password specified
[25/08/2024 16:56:38] [WARNING] mysql_connect: no password specified
[25/08/2024 16:57:28] [WARNING] mysql_connect: no password specified
[25/08/2024 16:58:58] [WARNING] mysql_connect: no password specified
[25/08/2024 17:00:47] [WARNING] mysql_connect: no password specified
[25/08/2024 17:05:38] [WARNING] mysql_connect: no password specified
[25/08/2024 17:13:38] [WARNING] mysql_connect: no password specified
[25/08/2024 17:21:23] [WARNING] mysql_connect: no password specified
[25/08/2024 17:47:57] [WARNING] mysql_connect: no password specified
[31/08/2024 14:11:25] [WARNING] mysql_connect: no password specified
[31/08/2024 20:37:41] [WARNING] mysql_connect: no password specified
[31/08/2024 20:52:17] [WARNING] mysql_connect: no password specified
[31/08/2024 21:12:42] [WARNING] mysql_connect: no password specified
[31/08/2024 21:21:37] [WARNING] mysql_connect: no password specified
[31/08/2024 22:09:50] [WARNING] mysql_connect: no password specified
[31/08/2024 22:22:41] [WARNING] mysql_connect: no password specified
[31/08/2024 22:29:42] [WARNING] mysql_connect: no password specified
[31/08/2024 22:36:07] [WARNING] mysql_connect: no password specified
[31/08/2024 22:50:29] [WARNING] mysql_connect: no password specified
[02/09/2024 20:07:48] [WARNING] mysql_connect: no password specified
[10/09/2024 10:30:06] [WARNING] mysql_connect: no password specified
[10/09/2024 18:31:45] [WARNING] mysql_connect: no password specified
[10/09/2024 18:45:52] [WARNING] mysql_connect: no password specified
[10/09/2024 19:14:36] [WARNING] mysql_connect: no password specified
[10/09/2024 19:21:48] [WARNING] mysql_connect: no password specified
[10/09/2024 19:28:31] [WARNING] mysql_connect: no password specified
[10/09/2024 19:42:02] [WARNING] mysql_connect: no password specified
[10/09/2024 19:47:32] [WARNING] mysql_connect: no password specified
[10/09/2024 19:50:54] [WARNING] mysql_connect: no password specified
[10/09/2024 19:52:10] [WARNING] mysql_connect: no password specified
[10/09/2024 20:00:16] [WARNING] mysql_connect: no password specified
[10/09/2024 20:09:51] [WARNING] mysql_connect: no password specified
[10/09/2024 20:15:06] [WARNING] mysql_connect: no password specified
[10/09/2024 20:26:07] [WARNING] mysql_connect: no password specified
[10/09/2024 20:46:00] [WARNING] mysql_connect: no password specified
[10/09/2024 20:48:33] [WARNING] mysql_connect: no password specified
[10/09/2024 20:52:08] [WARNING] mysql_connect: no password specified
[10/09/2024 21:03:38] [WARNING] mysql_connect: no password specified
[10/09/2024 21:08:41] [WARNING] mysql_connect: no password specified
[10/09/2024 21:27:56] [WARNING] mysql_connect: no password specified
[10/09/2024 21:30:07] [WARNING] mysql_connect: no password specified
[10/09/2024 21:39:36] [WARNING] mysql_connect: no password specified
[10/09/2024 21:40:50] [WARNING] mysql_connect: no password specified
[10/09/2024 21:42:46] [WARNING] mysql_connect: no password specified
[10/09/2024 21:45:27] [WARNING] mysql_connect: no password specified
[10/09/2024 21:49:59] [WARNING] mysql_connect: no password specified
[10/09/2024 21:52:04] [WARNING] mysql_connect: no password specified
[10/09/2024 21:54:44] [WARNING] mysql_connect: no password specified
[11/09/2024 18:27:15] [WARNING] mysql_connect: no password specified
[11/09/2024 18:44:04] [WARNING] mysql_connect: no password specified
[11/09/2024 18:50:38] [WARNING] mysql_connect: no password specified
[11/09/2024 18:52:56] [WARNING] mysql_connect: no password specified
[11/09/2024 18:56:34] [WARNING] mysql_connect: no password specified
[11/09/2024 19:10:54] [WARNING] mysql_connect: no password specified
[11/09/2024 19:15:25] [WARNING] mysql_connect: no password specified
[11/09/2024 19:18:57] [WARNING] mysql_connect: no password specified
[11/09/2024 19:21:45] [WARNING] mysql_connect: no password specified
[11/09/2024 19:23:28] [WARNING] mysql_connect: no password specified
[11/09/2024 19:25:19] [WARNING] mysql_connect: no password specified
[11/09/2024 19:27:14] [WARNING] mysql_connect: no password specified
[11/09/2024 19:29:13] [WARNING] mysql_connect: no password specified
[11/09/2024 19:31:11] [WARNING] mysql_connect: no password specified
[11/09/2024 19:34:12] [WARNING] mysql_connect: no password specified
[11/09/2024 19:36:43] [WARNING] mysql_connect: no password specified
[11/09/2024 19:39:48] [WARNING] mysql_connect: no password specified
[11/09/2024 19:40:32] [WARNING] mysql_connect: no password specified
[11/09/2024 19:41:26] [WARNING] mysql_connect: no password specified
[11/09/2024 19:42:29] [WARNING] mysql_connect: no password specified
[11/09/2024 19:43:11] [WARNING] mysql_connect: no password specified
[11/09/2024 19:50:46] [WARNING] mysql_connect: no password specified
[11/09/2024 19:53:39] [WARNING] mysql_connect: no password specified
[11/09/2024 19:59:56] [WARNING] mysql_connect: no password specified
[14/09/2024 18:29:26] [WARNING] mysql_connect: no password specified
[14/09/2024 20:16:54] [WARNING] mysql_connect: no password specified
[14/09/2024 20:31:32] [WARNING] mysql_connect: no password specified
[21/10/2024 15:12:23] [WARNING] mysql_connect: no password specified
[21/10/2024 15:12:27] [ERROR] CConnection::CConnection - establishing connection to MySQL database failed: #2002 'Can't connect to MySQL server on 'localhost' (10061)'
[21/10/2024 15:12:31] [ERROR] CConnection::CConnection - establishing connection to MySQL database failed: #2002 'Can't connect to MySQL server on 'localhost' (10061)'
[21/10/2024 15:13:05] [WARNING] mysql_connect: no password specified
[22/10/2024 10:01:23] [WARNING] mysql_connect: no password specified
[22/10/2024 10:11:38] [WARNING] mysql_connect: no password specified
[23/10/2024 21:05:39] [WARNING] mysql_connect: no password specified
[23/10/2024 22:54:59] [WARNING] mysql_connect: no password specified
[23/10/2024 22:59:01] [WARNING] mysql_connect: no password specified
[23/10/2024 23:03:29] [WARNING] mysql_connect: no password specified
[23/10/2024 23:07:36] [WARNING] mysql_connect: no password specified
[23/10/2024 23:14:13] [WARNING] mysql_connect: no password specified
[23/10/2024 23:21:03] [WARNING] mysql_connect: no password specified
[23/10/2024 23:26:38] [WARNING] mysql_connect: no password specified
[23/10/2024 23:28:46] [WARNING] mysql_connect: no password specified
[23/10/2024 23:32:12] [WARNING] mysql_connect: no password specified
[23/10/2024 23:45:12] [WARNING] mysql_connect: no password specified
[23/10/2024 23:47:33] [WARNING] mysql_connect: no password specified
[23/10/2024 23:54:28] [WARNING] mysql_connect: no password specified
[23/10/2024 23:56:16] [WARNING] mysql_connect: no password specified
[23/10/2024 23:58:44] [WARNING] mysql_connect: no password specified
[02/11/2024 12:47:40] [WARNING] mysql_connect: no password specified
[02/11/2024 12:47:44] [ERROR] CConnection::CConnection - establishing connection to MySQL database failed: #2002 'Can't connect to MySQL server on 'localhost' (10061)'
[02/11/2024 13:14:24] [WARNING] mysql_connect: no password specified
[02/11/2024 13:33:12] [WARNING] mysql_connect: no password specified
[02/11/2024 13:34:33] [WARNING] mysql_connect: no password specified
[02/11/2024 13:38:07] [WARNING] mysql_connect: no password specified
[02/11/2024 13:39:59] [WARNING] mysql_connect: no password specified
[02/11/2024 13:41:45] [WARNING] mysql_connect: no password specified
[02/11/2024 13:42:47] [WARNING] mysql_connect: no password specified
[03/11/2024 16:03:55] [WARNING] mysql_connect: no password specified
[03/11/2024 16:26:52] [WARNING] mysql_connect: no password specified
[03/11/2024 16:27:52] [WARNING] mysql_connect: no password specified
[03/11/2024 16:29:38] [WARNING] mysql_connect: no password specified
[03/11/2024 16:32:36] [WARNING] mysql_connect: no password specified
[03/11/2024 16:35:53] [WARNING] mysql_connect: no password specified
[03/11/2024 16:36:36] [WARNING] mysql_connect: no password specified
[03/11/2024 16:51:01] [WARNING] mysql_connect: no password specified
[21/11/2024 22:53:15] [WARNING] mysql_connect: no password specified
[21/11/2024 22:53:19] [ERROR] CConnection::CConnection - establishing connection to MySQL database failed: #2002 'Can't connect to MySQL server on 'localhost' (10061)'
[21/11/2024 22:53:23] [ERROR] CConnection::CConnection - establishing connection to MySQL database failed: #2002 'Can't connect to MySQL server on 'localhost' (10061)'
[21/11/2024 22:53:27] [ERROR] CConnection::CConnection - establishing connection to MySQL database failed: #2002 'Can't connect to MySQL server on 'localhost' (10061)'
[21/11/2024 22:53:31] [ERROR] CConnection::CConnection - establishing connection to MySQL database failed: #2002 'Can't connect to MySQL server on 'localhost' (10061)'
[21/11/2024 23:03:43] [WARNING] mysql_connect: no password specified
[21/11/2024 23:13:25] [WARNING] mysql_connect: no password specified
[25/11/2024 21:50:10] [WARNING] mysql_connect: no password specified
[25/11/2024 21:53:28] [WARNING] mysql_connect: no password specified
[25/11/2024 21:58:11] [WARNING] mysql_connect: no password specified
[07/02/2025 10:45:31] [WARNING] mysql_connect: no password specified
[07/02/2025 10:49:34] [WARNING] mysql_connect: no password specified
[07/02/2025 12:05:25] [WARNING] mysql_connect: no password specified
[07/02/2025 12:05:46] [WARNING] mysql_connect: no password specified
[07/02/2025 13:48:41] [WARNING] mysql_connect: no password specified
[07/02/2025 13:51:17] [WARNING] mysql_connect: no password specified
[07/02/2025 13:55:25] [WARNING] mysql_connect: no password specified
[07/02/2025 14:07:59] [WARNING] mysql_connect: no password specified
[08/02/2025 22:46:15] [WARNING] mysql_connect: no password specified
[10/02/2025 19:51:50] [WARNING] mysql_connect: no password specified
[10/02/2025 20:19:32] [WARNING] mysql_connect: no password specified
[11/02/2025 23:17:07] [WARNING] mysql_connect: no password specified
[26/02/2025 19:40:03] [WARNING] mysql_connect: no password specified
[26/02/2025 19:45:33] [WARNING] mysql_connect: no password specified
[27/02/2025 00:13:05] [WARNING] mysql_connect: no password specified
[27/02/2025 00:13:09] [ERROR] CConnection::CConnection - establishing connection to MySQL database failed: #2002 'Can't connect to MySQL server on 'localhost' (10061)'
[27/02/2025 00:13:13] [ERROR] CConnection::CConnection - establishing connection to MySQL database failed: #2002 'Can't connect to MySQL server on 'localhost' (10061)'
[27/02/2025 00:13:19] [WARNING] mysql_connect: no password specified
[27/02/2025 00:13:54] [WARNING] mysql_connect: no password specified
[27/02/2025 00:20:37] [WARNING] mysql_connect: no password specified
[27/02/2025 01:13:07] [WARNING] mysql_connect: no password specified
[27/02/2025 01:14:02] [WARNING] mysql_connect: no password specified
[27/02/2025 01:18:25] [WARNING] mysql_connect: no password specified
[27/02/2025 01:19:50] [WARNING] mysql_connect: no password specified
[27/02/2025 01:21:52] [WARNING] mysql_connect: no password specified
[27/02/2025 01:22:45] [WARNING] mysql_connect: no password specified
[27/02/2025 01:25:20] [WARNING] mysql_connect: no password specified
[27/02/2025 01:28:08] [WARNING] mysql_connect: no password specified
[27/02/2025 01:29:52] [WARNING] mysql_connect: no password specified
[27/02/2025 01:33:24] [WARNING] mysql_connect: no password specified
[27/02/2025 01:40:22] [WARNING] mysql_connect: no password specified
[27/02/2025 01:42:00] [WARNING] mysql_connect: no password specified
[27/02/2025 01:56:54] [WARNING] mysql_connect: no password specified
[27/02/2025 02:02:06] [WARNING] mysql_connect: no password specified
[27/02/2025 02:02:55] [WARNING] mysql_connect: no password specified
[27/02/2025 02:06:47] [WARNING] mysql_connect: no password specified
[27/02/2025 02:08:34] [WARNING] mysql_connect: no password specified
[27/02/2025 02:11:08] [WARNING] mysql_connect: no password specified
[27/02/2025 02:13:54] [WARNING] mysql_connect: no password specified
[27/02/2025 02:15:10] [WARNING] mysql_connect: no password specified
[27/02/2025 02:21:03] [WARNING] mysql_connect: no password specified
[27/02/2025 02:23:43] [WARNING] mysql_connect: no password specified
[27/02/2025 02:24:27] [WARNING] mysql_connect: no password specified
[27/02/2025 02:24:35] [WARNING] mysql_connect: no password specified
[27/02/2025 02:27:48] [WARNING] mysql_connect: no password specified
[27/02/2025 02:33:29] [WARNING] mysql_connect: no password specified
[27/02/2025 02:38:37] [WARNING] mysql_connect: no password specified
[27/02/2025 02:45:25] [WARNING] mysql_connect: no password specified
[27/02/2025 02:47:11] [WARNING] mysql_connect: no password specified
[27/02/2025 02:50:26] [WARNING] mysql_connect: no password specified
[27/02/2025 02:52:25] [WARNING] mysql_connect: no password specified
[28/02/2025 02:55:04] [WARNING] mysql_connect: no password specified
[28/02/2025 02:57:09] [WARNING] mysql_connect: no password specified
[28/02/2025 02:58:14] [WARNING] mysql_connect: no password specified
[28/02/2025 03:01:27] [WARNING] mysql_connect: no password specified
[28/02/2025 03:04:25] [WARNING] mysql_connect: no password specified
[28/02/2025 03:08:13] [WARNING] mysql_connect: no password specified
[28/02/2025 03:11:27] [WARNING] mysql_connect: no password specified
[28/02/2025 03:12:14] [WARNING] mysql_connect: no password specified
[28/02/2025 03:13:25] [WARNING] mysql_connect: no password specified
[28/02/2025 03:17:23] [WARNING] mysql_connect: no password specified
[28/02/2025 03:18:37] [WARNING] mysql_connect: no password specified
[28/02/2025 03:21:19] [WARNING] mysql_connect: no password specified
[28/02/2025 03:22:37] [WARNING] mysql_connect: no password specified
[28/02/2025 03:26:00] [WARNING] mysql_connect: no password specified
[28/02/2025 03:32:49] [WARNING] mysql_connect: no password specified
[28/02/2025 03:34:07] [WARNING] mysql_connect: no password specified
[28/02/2025 03:34:45] [WARNING] mysql_connect: no password specified
[28/02/2025 03:35:44] [WARNING] mysql_connect: no password specified
[28/02/2025 03:38:07] [WARNING] mysql_connect: no password specified
[28/02/2025 03:39:26] [WARNING] mysql_connect: no password specified
[28/02/2025 03:53:29] [WARNING] mysql_connect: no password specified
[28/02/2025 03:54:46] [WARNING] mysql_connect: no password specified
[28/02/2025 03:55:52] [WARNING] mysql_connect: no password specified
[28/02/2025 03:56:43] [WARNING] mysql_connect: no password specified
[28/02/2025 04:05:21] [WARNING] mysql_connect: no password specified
[28/02/2025 20:59:57] [WARNING] mysql_connect: no password specified
[01/03/2025 17:12:56] [WARNING] mysql_connect: no password specified
[01/03/2025 17:14:50] [WARNING] mysql_connect: no password specified
[01/03/2025 17:15:53] [WARNING] mysql_connect: no password specified
[01/03/2025 17:17:05] [WARNING] mysql_connect: no password specified
[01/03/2025 17:24:36] [WARNING] mysql_connect: no password specified
[01/03/2025 17:42:56] [WARNING] mysql_connect: no password specified
[01/03/2025 17:46:05] [WARNING] mysql_connect: no password specified
[01/03/2025 18:18:23] [WARNING] mysql_connect: no password specified
[01/03/2025 18:20:39] [WARNING] mysql_connect: no password specified
[01/03/2025 18:28:23] [WARNING] mysql_connect: no password specified
[01/03/2025 18:30:48] [WARNING] mysql_connect: no password specified
[01/03/2025 18:32:51] [WARNING] mysql_connect: no password specified
[01/03/2025 18:35:14] [WARNING] mysql_connect: no password specified
[01/03/2025 18:36:38] [WARNING] mysql_connect: no password specified
[01/03/2025 18:47:38] [WARNING] mysql_connect: no password specified
[01/03/2025 18:49:49] [WARNING] mysql_connect: no password specified
[01/03/2025 18:53:06] [WARNING] mysql_connect: no password specified
[01/03/2025 18:57:35] [WARNING] mysql_connect: no password specified
[01/03/2025 18:57:43] [WARNING] mysql_connect: no password specified
[01/03/2025 18:59:40] [WARNING] mysql_connect: no password specified
[01/03/2025 19:00:36] [WARNING] mysql_connect: no password specified
[01/03/2025 19:02:07] [WARNING] mysql_connect: no password specified
[01/03/2025 19:02:15] [WARNING] mysql_connect: no password specified
[01/03/2025 19:07:55] [WARNING] mysql_connect: no password specified
[01/03/2025 19:14:56] [WARNING] mysql_connect: no password specified
[01/03/2025 19:19:53] [WARNING] mysql_connect: no password specified
[01/03/2025 19:21:51] [WARNING] mysql_connect: no password specified
[01/03/2025 19:24:41] [WARNING] mysql_connect: no password specified
[01/03/2025 19:42:32] [WARNING] mysql_connect: no password specified
[01/03/2025 21:02:49] [WARNING] mysql_connect: no password specified
[01/03/2025 21:52:18] [WARNING] mysql_connect: no password specified
[01/03/2025 21:58:39] [WARNING] mysql_connect: no password specified
[01/03/2025 22:04:56] [WARNING] mysql_connect: no password specified
[01/03/2025 22:09:26] [WARNING] mysql_connect: no password specified
[01/03/2025 22:17:50] [WARNING] mysql_connect: no password specified
[01/03/2025 22:19:45] [WARNING] mysql_connect: no password specified
[01/03/2025 22:21:13] [WARNING] mysql_connect: no password specified
[01/03/2025 22:24:22] [WARNING] mysql_connect: no password specified
[01/03/2025 22:26:45] [WARNING] mysql_connect: no password specified
[01/03/2025 22:40:33] [WARNING] mysql_connect: no password specified
[01/03/2025 22:42:19] [WARNING] mysql_connect: no password specified
[01/03/2025 22:44:52] [WARNING] mysql_connect: no password specified
[01/03/2025 22:47:04] [WARNING] mysql_connect: no password specified
[01/03/2025 23:01:40] [WARNING] mysql_connect: no password specified
[01/03/2025 23:24:04] [WARNING] mysql_connect: no password specified
[01/03/2025 23:31:42] [WARNING] mysql_connect: no password specified
[01/03/2025 23:36:19] [WARNING] mysql_connect: no password specified
[01/03/2025 23:43:20] [WARNING] mysql_connect: no password specified
[01/03/2025 23:51:45] [WARNING] mysql_connect: no password specified
[01/03/2025 23:52:26] [WARNING] mysql_connect: no password specified
[01/03/2025 23:55:34] [WARNING] mysql_connect: no password specified
[01/03/2025 23:57:57] [WARNING] mysql_connect: no password specified
[02/03/2025 00:01:21] [WARNING] mysql_connect: no password specified
[02/03/2025 00:03:44] [WARNING] mysql_connect: no password specified
[02/03/2025 00:03:55] [WARNING] mysql_connect: no password specified
[02/03/2025 00:08:11] [WARNING] mysql_connect: no password specified
[02/03/2025 00:14:06] [WARNING] mysql_connect: no password specified
[02/03/2025 00:16:13] [WARNING] mysql_connect: no password specified
[02/03/2025 00:18:25] [WARNING] mysql_connect: no password specified
[02/03/2025 00:39:42] [WARNING] mysql_connect: no password specified
[02/03/2025 19:16:05] [WARNING] mysql_connect: no password specified
[02/03/2025 19:16:09] [ERROR] CConnection::CConnection - establishing connection to MySQL database failed: #2002 'Can't connect to MySQL server on 'localhost' (10061)'
[02/03/2025 19:16:13] [ERROR] CConnection::CConnection - establishing connection to MySQL database failed: #2002 'Can't connect to MySQL server on 'localhost' (10061)'
[02/03/2025 19:17:16] [WARNING] mysql_connect: no password specified
[02/03/2025 19:19:27] [WARNING] mysql_connect: no password specified
[02/03/2025 19:20:50] [WARNING] mysql_connect: no password specified
[02/03/2025 19:21:49] [WARNING] mysql_connect: no password specified
[06/03/2025 09:17:20] [WARNING] mysql_connect: no password specified
[06/03/2025 09:17:24] [ERROR] CConnection::CConnection - establishing connection to MySQL database failed: #2002 'Can't connect to MySQL server on 'localhost' (10061)'
[06/03/2025 09:17:28] [ERROR] CConnection::CConnection - establishing connection to MySQL database failed: #2002 'Can't connect to MySQL server on 'localhost' (10061)'
[06/03/2025 09:17:32] [ERROR] CConnection::CConnection - establishing connection to MySQL database failed: #2002 'Can't connect to MySQL server on 'localhost' (10061)'
[06/03/2025 09:17:36] [ERROR] CConnection::CConnection - establishing connection to MySQL database failed: #2002 'Can't connect to MySQL server on 'localhost' (10061)'
[06/03/2025 09:18:00] [WARNING] mysql_connect: no password specified
[06/03/2025 10:52:40] [WARNING] mysql_connect: no password specified
[06/03/2025 11:07:04] [WARNING] mysql_connect: no password specified
[06/03/2025 11:34:41] [WARNING] mysql_connect: no password specified
[06/03/2025 11:55:33] [WARNING] mysql_connect: no password specified
[06/03/2025 12:28:19] [WARNING] mysql_connect: no password specified
[06/03/2025 12:33:32] [WARNING] mysql_connect: no password specified
[06/03/2025 12:35:56] [WARNING] mysql_connect: no password specified
[06/03/2025 12:37:04] [WARNING] mysql_connect: no password specified
[06/03/2025 14:52:26] [WARNING] mysql_connect: no password specified
[06/03/2025 14:54:58] [WARNING] mysql_connect: no password specified
[06/03/2025 15:06:29] [WARNING] mysql_connect: no password specified
[06/03/2025 15:10:38] [WARNING] mysql_connect: no password specified
[06/03/2025 15:26:45] [WARNING] mysql_connect: no password specified
[06/03/2025 15:36:42] [WARNING] mysql_connect: no password specified
[06/03/2025 15:59:30] [WARNING] mysql_connect: no password specified
[06/03/2025 16:02:36] [WARNING] mysql_connect: no password specified
[06/03/2025 16:06:05] [WARNING] mysql_connect: no password specified
[06/03/2025 16:09:11] [WARNING] mysql_connect: no password specified
[06/03/2025 16:16:36] [WARNING] mysql_connect: no password specified
[06/03/2025 16:18:53] [WARNING] mysql_connect: no password specified
[06/03/2025 16:20:25] [WARNING] mysql_connect: no password specified
[06/03/2025 16:21:56] [WARNING] mysql_connect: no password specified
[06/03/2025 16:22:21] [WARNING] mysql_connect: no password specified
[06/03/2025 16:22:30] [WARNING] mysql_connect: no password specified
[06/03/2025 16:26:44] [WARNING] mysql_connect: no password specified
[06/03/2025 16:30:33] [WARNING] mysql_connect: no password specified
[06/03/2025 16:43:19] [WARNING] mysql_connect: no password specified
[06/03/2025 16:46:39] [WARNING] mysql_connect: no password specified
[06/03/2025 16:46:47] [WARNING] mysql_connect: no password specified
[06/03/2025 16:48:29] [WARNING] mysql_connect: no password specified
[06/03/2025 16:49:35] [WARNING] mysql_connect: no password specified
[06/03/2025 16:57:32] [WARNING] mysql_connect: no password specified
[06/03/2025 17:00:25] [WARNING] mysql_connect: no password specified
[06/03/2025 17:01:16] [WARNING] mysql_connect: no password specified
[06/03/2025 17:18:24] [WARNING] mysql_connect: no password specified
[06/03/2025 17:19:59] [WARNING] mysql_connect: no password specified
[06/03/2025 17:21:12] [WARNING] mysql_connect: no password specified
[06/03/2025 17:22:45] [WARNING] mysql_connect: no password specified
[06/03/2025 17:23:17] [WARNING] mysql_connect: no password specified
[06/03/2025 17:23:56] [WARNING] mysql_connect: no password specified
[06/03/2025 17:24:29] [WARNING] mysql_connect: no password specified
[06/03/2025 17:25:00] [WARNING] mysql_connect: no password specified
[06/03/2025 17:25:30] [WARNING] mysql_connect: no password specified
[06/03/2025 17:26:19] [WARNING] mysql_connect: no password specified
[06/03/2025 17:30:35] [WARNING] mysql_connect: no password specified
[06/03/2025 17:32:55] [WARNING] mysql_connect: no password specified
[06/03/2025 17:55:11] [WARNING] mysql_connect: no password specified
[12/03/2025 13:23:11] [WARNING] mysql_connect: no password specified
[12/03/2025 13:24:15] [WARNING] mysql_connect: no password specified
[12/03/2025 13:24:27] [WARNING] mysql_connect: no password specified
[12/03/2025 13:24:47] [WARNING] mysql_connect: no password specified
[12/03/2025 13:25:21] [WARNING] mysql_connect: no password specified
[12/03/2025 13:25:32] [WARNING] mysql_connect: no password specified
[12/03/2025 13:52:47] [WARNING] mysql_connect: no password specified
[12/03/2025 14:26:00] [WARNING] mysql_connect: no password specified
[12/03/2025 14:32:29] [WARNING] mysql_connect: no password specified
[12/03/2025 14:33:34] [WARNING] mysql_connect: no password specified
[12/03/2025 15:17:23] [WARNING] mysql_connect: no password specified
[12/03/2025 15:19:29] [WARNING] mysql_connect: no password specified
[12/03/2025 16:23:00] [WARNING] mysql_connect: no password specified
[13/03/2025 17:04:42] [WARNING] mysql_connect: no password specified
[13/03/2025 17:22:44] [WARNING] mysql_connect: no password specified
[13/03/2025 17:24:28] [WARNING] mysql_connect: no password specified
[16/03/2025 23:52:30] [WARNING] mysql_connect: no password specified
[17/03/2025 00:08:36] [WARNING] mysql_connect: no password specified
[17/03/2025 00:28:16] [WARNING] mysql_connect: no password specified
[17/03/2025 00:30:29] [WARNING] mysql_connect: no password specified
[17/03/2025 00:36:02] [WARNING] mysql_connect: no password specified
[17/03/2025 00:58:23] [WARNING] mysql_connect: no password specified
[17/03/2025 01:00:05] [WARNING] mysql_connect: no password specified
[17/03/2025 01:05:44] [WARNING] mysql_connect: no password specified
[17/03/2025 01:06:19] [WARNING] mysql_connect: no password specified
[17/03/2025 01:06:44] [WARNING] mysql_connect: no password specified
[17/03/2025 01:16:29] [WARNING] mysql_connect: no password specified
[17/03/2025 01:20:29] [WARNING] mysql_connect: no password specified
[17/03/2025 01:21:29] [WARNING] mysql_connect: no password specified
[17/03/2025 01:22:04] [WARNING] mysql_connect: no password specified
[17/03/2025 01:24:06] [WARNING] mysql_connect: no password specified
[17/03/2025 01:25:16] [WARNING] mysql_connect: no password specified
[17/03/2025 01:31:33] [WARNING] mysql_connect: no password specified
[17/03/2025 01:35:32] [WARNING] mysql_connect: no password specified
[17/03/2025 04:30:47] [WARNING] mysql_connect: no password specified
[17/03/2025 04:32:01] [WARNING] mysql_connect: no password specified
[17/03/2025 04:39:25] [WARNING] mysql_connect: no password specified
[17/03/2025 18:23:34] [WARNING] mysql_connect: no password specified
[17/03/2025 18:26:39] [WARNING] mysql_connect: no password specified
[17/03/2025 18:31:12] [WARNING] mysql_connect: no password specified
[17/03/2025 18:33:53] [WARNING] mysql_connect: no password specified
[17/03/2025 18:35:59] [WARNING] mysql_connect: no password specified
[17/03/2025 18:58:38] [WARNING] mysql_connect: no password specified
[17/03/2025 18:59:34] [WARNING] mysql_connect: no password specified
[17/03/2025 19:01:18] [WARNING] mysql_connect: no password specified
[18/03/2025 17:46:25] [WARNING] mysql_connect: no password specified
[20/03/2025 02:25:48] [WARNING] mysql_connect: no password specified
[20/03/2025 02:26:40] [WARNING] mysql_connect: no password specified
[20/03/2025 02:27:19] [WARNING] mysql_connect: no password specified
[20/03/2025 02:32:13] [WARNING] mysql_connect: no password specified
[20/03/2025 02:40:18] [WARNING] mysql_connect: no password specified
[20/03/2025 02:43:14] [WARNING] mysql_connect: no password specified
[20/03/2025 02:59:48] [WARNING] mysql_connect: no password specified
[20/03/2025 03:06:16] [WARNING] mysql_connect: no password specified
[20/03/2025 03:19:39] [WARNING] mysql_connect: no password specified
[20/03/2025 03:20:40] [WARNING] mysql_connect: no password specified
[20/03/2025 03:28:12] [WARNING] mysql_connect: no password specified
[20/03/2025 03:28:48] [WARNING] mysql_connect: no password specified
[20/03/2025 03:29:12] [WARNING] mysql_connect: no password specified
[20/03/2025 03:31:32] [WARNING] mysql_connect: no password specified
[20/03/2025 03:31:59] [WARNING] mysql_connect: no password specified
[20/03/2025 03:33:37] [WARNING] mysql_connect: no password specified
[20/03/2025 03:37:32] [WARNING] mysql_connect: no password specified
[20/03/2025 03:58:55] [WARNING] mysql_connect: no password specified
[20/03/2025 04:00:15] [WARNING] mysql_connect: no password specified
[20/03/2025 04:31:48] [WARNING] mysql_connect: no password specified
[20/03/2025 04:33:31] [WARNING] mysql_connect: no password specified
[20/03/2025 04:36:47] [WARNING] mysql_connect: no password specified
[20/03/2025 04:38:16] [WARNING] mysql_connect: no password specified
[20/03/2025 04:39:41] [WARNING] mysql_connect: no password specified
[20/03/2025 04:41:46] [WARNING] mysql_connect: no password specified
[20/03/2025 04:44:48] [WARNING] mysql_connect: no password specified
[20/03/2025 15:33:22] [WARNING] mysql_connect: no password specified
[20/03/2025 15:43:39] [WARNING] mysql_connect: no password specified
[20/03/2025 17:22:21] [WARNING] mysql_connect: no password specified
[20/03/2025 17:23:44] [WARNING] mysql_connect: no password specified
[20/03/2025 17:24:33] [WARNING] mysql_connect: no password specified
[20/03/2025 18:22:48] [WARNING] mysql_connect: no password specified
[20/03/2025 18:31:09] [WARNING] mysql_connect: no password specified
[20/03/2025 18:35:16] [WARNING] mysql_connect: no password specified
[20/03/2025 18:36:42] [WARNING] mysql_connect: no password specified
[20/03/2025 18:37:16] [WARNING] mysql_connect: no password specified
[20/03/2025 18:38:45] [WARNING] mysql_connect: no password specified
[21/03/2025 00:25:57] [WARNING] mysql_connect: no password specified
[21/03/2025 00:54:43] [WARNING] mysql_connect: no password specified
[21/03/2025 01:03:19] [WARNING] mysql_connect: no password specified
[21/03/2025 01:41:16] [WARNING] mysql_connect: no password specified
[21/03/2025 01:49:25] [WARNING] mysql_connect: no password specified
[21/03/2025 01:51:31] [WARNING] mysql_connect: no password specified
[21/03/2025 02:01:38] [WARNING] mysql_connect: no password specified
[21/03/2025 02:03:27] [WARNING] mysql_connect: no password specified
[21/03/2025 02:06:59] [WARNING] mysql_connect: no password specified
[21/03/2025 02:10:03] [WARNING] mysql_connect: no password specified
[21/03/2025 02:15:41] [WARNING] mysql_connect: no password specified
[21/03/2025 02:19:55] [WARNING] mysql_connect: no password specified
[21/03/2025 02:40:03] [WARNING] mysql_connect: no password specified
[21/03/2025 02:40:46] [WARNING] mysql_connect: no password specified
[21/03/2025 02:41:48] [WARNING] mysql_connect: no password specified
[21/03/2025 02:42:40] [WARNING] mysql_connect: no password specified
[21/03/2025 03:13:22] [WARNING] mysql_connect: no password specified
[21/03/2025 03:15:17] [WARNING] mysql_connect: no password specified
[21/03/2025 03:15:38] [WARNING] mysql_connect: no password specified
[21/03/2025 03:16:10] [WARNING] mysql_connect: no password specified
[21/03/2025 03:50:17] [WARNING] mysql_connect: no password specified
[21/03/2025 04:14:13] [WARNING] mysql_connect: no password specified
[21/03/2025 04:29:53] [WARNING] mysql_connect: no password specified
[21/03/2025 04:41:20] [WARNING] mysql_connect: no password specified
[21/03/2025 04:45:32] [WARNING] mysql_connect: no password specified
[23/03/2025 18:00:07] [WARNING] mysql_connect: no password specified
[23/03/2025 18:16:27] [WARNING] mysql_connect: no password specified
[23/03/2025 18:25:02] [WARNING] mysql_connect: no password specified
[23/03/2025 18:49:35] [WARNING] mysql_connect: no password specified
[23/03/2025 18:49:44] [WARNING] mysql_connect: no password specified
[23/03/2025 18:56:08] [WARNING] mysql_connect: no password specified
[23/03/2025 18:57:10] [WARNING] mysql_connect: no password specified
[23/03/2025 19:01:40] [WARNING] mysql_connect: no password specified
[23/03/2025 19:03:58] [WARNING] mysql_connect: no password specified
[23/03/2025 19:09:12] [WARNING] mysql_connect: no password specified
[23/03/2025 19:12:36] [WARNING] mysql_connect: no password specified
[23/03/2025 19:20:23] [WARNING] mysql_connect: no password specified
[23/03/2025 19:25:28] [WARNING] mysql_connect: no password specified
[23/03/2025 19:27:09] [WARNING] mysql_connect: no password specified
[23/03/2025 19:27:18] [WARNING] mysql_connect: no password specified
[23/03/2025 19:50:59] [WARNING] mysql_connect: no password specified
[23/03/2025 20:12:40] [WARNING] mysql_connect: no password specified
[23/03/2025 20:18:35] [WARNING] mysql_connect: no password specified
[23/03/2025 20:29:35] [WARNING] mysql_connect: no password specified
[23/03/2025 20:31:55] [WARNING] mysql_connect: no password specified
[23/03/2025 20:33:28] [WARNING] mysql_connect: no password specified
[23/03/2025 20:34:35] [WARNING] mysql_connect: no password specified
[23/03/2025 20:36:25] [WARNING] mysql_connect: no password specified
[23/03/2025 20:38:15] [WARNING] mysql_connect: no password specified
[23/03/2025 20:39:13] [WARNING] mysql_connect: no password specified
[23/03/2025 20:41:43] [WARNING] mysql_connect: no password specified
[23/03/2025 20:42:42] [WARNING] mysql_connect: no password specified
[23/03/2025 20:47:45] [WARNING] mysql_connect: no password specified
[23/03/2025 20:49:52] [WARNING] mysql_connect: no password specified
[23/03/2025 20:50:49] [WARNING] mysql_connect: no password specified
[23/03/2025 20:53:11] [WARNING] mysql_connect: no password specified
[23/03/2025 20:54:47] [WARNING] mysql_connect: no password specified
[23/03/2025 20:56:04] [WARNING] mysql_connect: no password specified
[23/03/2025 20:59:12] [WARNING] mysql_connect: no password specified
[23/03/2025 21:00:17] [WARNING] mysql_connect: no password specified
[23/03/2025 21:02:37] [WARNING] mysql_connect: no password specified
[23/03/2025 21:13:16] [WARNING] mysql_connect: no password specified
[23/03/2025 21:26:00] [WARNING] mysql_connect: no password specified
[23/03/2025 21:26:53] [WARNING] mysql_connect: no password specified
[23/03/2025 21:30:00] [WARNING] mysql_connect: no password specified
[23/03/2025 21:49:34] [WARNING] mysql_connect: no password specified
[23/03/2025 21:51:47] [WARNING] mysql_connect: no password specified
[23/03/2025 21:57:10] [WARNING] mysql_connect: no password specified
[23/03/2025 22:00:03] [WARNING] mysql_connect: no password specified
[23/03/2025 22:06:58] [WARNING] mysql_connect: no password specified
[23/03/2025 22:07:05] [WARNING] mysql_connect: no password specified
[23/03/2025 22:09:25] [WARNING] mysql_connect: no password specified
[23/03/2025 22:11:54] [WARNING] mysql_connect: no password specified
[23/03/2025 22:21:42] [WARNING] mysql_connect: no password specified
[23/03/2025 23:01:39] [WARNING] mysql_connect: no password specified
[23/03/2025 23:04:11] [WARNING] mysql_connect: no password specified
[23/03/2025 23:49:21] [WARNING] mysql_connect: no password specified
[24/03/2025 12:08:50] [WARNING] mysql_connect: no password specified
[24/03/2025 12:33:21] [WARNING] mysql_connect: no password specified
[24/03/2025 12:34:05] [WARNING] mysql_connect: no password specified
[24/03/2025 12:36:32] [WARNING] mysql_connect: no password specified
[24/03/2025 12:38:47] [WARNING] mysql_connect: no password specified
[24/03/2025 13:00:16] [WARNING] mysql_connect: no password specified
[24/03/2025 13:29:43] [WARNING] mysql_connect: no password specified
[24/03/2025 13:58:39] [WARNING] mysql_connect: no password specified
[24/03/2025 13:59:32] [WARNING] mysql_connect: no password specified
[24/03/2025 14:00:03] [WARNING] mysql_connect: no password specified
[24/03/2025 14:00:26] [WARNING] mysql_connect: no password specified
[24/03/2025 14:05:12] [WARNING] mysql_connect: no password specified
[24/03/2025 14:06:12] [WARNING] mysql_connect: no password specified
[24/03/2025 14:07:20] [WARNING] mysql_connect: no password specified
[24/03/2025 14:21:30] [WARNING] mysql_connect: no password specified
[24/03/2025 14:23:30] [WARNING] mysql_connect: no password specified
[24/03/2025 14:24:42] [WARNING] mysql_connect: no password specified
[24/03/2025 14:26:19] [WARNING] mysql_connect: no password specified
[24/03/2025 14:27:40] [WARNING] mysql_connect: no password specified
[24/03/2025 14:29:04] [WARNING] mysql_connect: no password specified
[24/03/2025 14:29:57] [WARNING] mysql_connect: no password specified
[24/03/2025 14:30:44] [WARNING] mysql_connect: no password specified
[24/03/2025 14:40:54] [WARNING] mysql_connect: no password specified
[24/03/2025 15:31:01] [WARNING] mysql_connect: no password specified
[24/03/2025 15:32:49] [WARNING] mysql_connect: no password specified
[24/03/2025 15:34:29] [WARNING] mysql_connect: no password specified
[24/03/2025 16:13:13] [WARNING] mysql_connect: no password specified
[24/03/2025 16:14:43] [WARNING] mysql_connect: no password specified
[24/03/2025 17:21:19] [WARNING] mysql_connect: no password specified
[24/03/2025 17:22:44] [WARNING] mysql_connect: no password specified
[24/03/2025 17:26:57] [WARNING] mysql_connect: no password specified
[24/03/2025 17:35:32] [WARNING] mysql_connect: no password specified
[24/03/2025 17:52:55] [WARNING] mysql_connect: no password specified
[24/03/2025 18:07:12] [WARNING] mysql_connect: no password specified
[24/03/2025 18:09:22] [WARNING] mysql_connect: no password specified
[24/03/2025 19:00:59] [WARNING] mysql_connect: no password specified
[24/03/2025 19:03:22] [WARNING] mysql_connect: no password specified
[25/03/2025 03:21:28] [WARNING] mysql_connect: no password specified
[25/03/2025 03:28:12] [WARNING] mysql_connect: no password specified
[25/03/2025 03:32:38] [WARNING] mysql_connect: no password specified
[25/03/2025 03:41:59] [WARNING] mysql_connect: no password specified
[25/03/2025 03:47:43] [WARNING] mysql_connect: no password specified
[25/03/2025 04:15:49] [WARNING] mysql_connect: no password specified
[25/03/2025 04:21:49] [WARNING] mysql_connect: no password specified
[25/03/2025 04:24:13] [WARNING] mysql_connect: no password specified
[25/03/2025 04:28:30] [WARNING] mysql_connect: no password specified
[25/03/2025 04:37:26] [WARNING] mysql_connect: no password specified
[25/03/2025 04:46:53] [WARNING] mysql_connect: no password specified
[25/03/2025 04:52:45] [WARNING] mysql_connect: no password specified
[25/03/2025 04:56:28] [WARNING] mysql_connect: no password specified
[25/03/2025 05:00:11] [WARNING] mysql_connect: no password specified
[25/03/2025 05:02:17] [WARNING] mysql_connect: no password specified
[20/04/2025 00:20:59] [WARNING] mysql_connect: no password specified
[20/04/2025 00:31:53] [WARNING] mysql_connect: no password specified
[20/04/2025 00:42:23] [WARNING] mysql_connect: no password specified
[20/04/2025 00:46:50] [WARNING] mysql_connect: no password specified
[20/04/2025 00:54:04] [WARNING] mysql_connect: no password specified
[20/04/2025 01:42:47] [WARNING] mysql_connect: no password specified
[20/04/2025 01:55:27] [WARNING] mysql_connect: no password specified
[20/04/2025 01:56:19] [WARNING] mysql_connect: no password specified
[20/04/2025 01:59:01] [WARNING] mysql_connect: no password specified
[20/04/2025 02:05:50] [WARNING] mysql_connect: no password specified
[20/04/2025 02:09:58] [WARNING] mysql_connect: no password specified
[20/04/2025 02:32:12] [WARNING] mysql_connect: no password specified
[20/04/2025 02:34:24] [WARNING] mysql_connect: no password specified
[23/04/2025 22:49:06] [WARNING] mysql_connect: no password specified
[23/04/2025 22:49:11] [ERROR] CConnection::CConnection - establishing connection to MySQL database failed: #2002 'Can't connect to MySQL server on 'localhost' (10061)'
[23/04/2025 22:49:15] [ERROR] CConnection::CConnection - establishing connection to MySQL database failed: #2002 'Can't connect to MySQL server on 'localhost' (10061)'
[23/04/2025 22:49:19] [ERROR] CConnection::CConnection - establishing connection to MySQL database failed: #2002 'Can't connect to MySQL server on 'localhost' (10061)'
[23/04/2025 22:49:23] [ERROR] CConnection::CConnection - establishing connection to MySQL database failed: #2002 'Can't connect to MySQL server on 'localhost' (10061)'
[23/04/2025 23:08:58] [WARNING] mysql_connect: no password specified
[23/04/2025 23:09:02] [ERROR] CConnection::CConnection - establishing connection to MySQL database failed: #2002 'Can't connect to MySQL server on 'localhost' (10061)'
[23/04/2025 23:09:06] [ERROR] CConnection::CConnection - establishing connection to MySQL database failed: #2002 'Can't connect to MySQL server on 'localhost' (10061)'
[23/04/2025 23:09:10] [ERROR] CConnection::CConnection - establishing connection to MySQL database failed: #2002 'Can't connect to MySQL server on 'localhost' (10061)'
[23/04/2025 23:09:14] [ERROR] CConnection::CConnection - establishing connection to MySQL database failed: #2002 'Can't connect to MySQL server on 'localhost' (10061)'
[23/04/2025 23:14:14] [WARNING] mysql_connect: no password specified
[23/04/2025 23:27:19] [WARNING] mysql_connect: no password specified
[23/04/2025 23:28:39] [WARNING] mysql_connect: no password specified
[23/04/2025 23:35:47] [WARNING] mysql_connect: no password specified
[24/04/2025 00:19:27] [WARNING] mysql_connect: no password specified
[24/04/2025 00:20:53] [WARNING] mysql_connect: no password specified
[24/04/2025 00:27:24] [WARNING] mysql_connect: no password specified
[24/04/2025 00:38:03] [WARNING] mysql_connect: no password specified
[24/04/2025 00:39:34] [WARNING] mysql_connect: no password specified
[24/04/2025 00:44:20] [WARNING] mysql_connect: no password specified
[24/04/2025 00:49:05] [WARNING] mysql_connect: no password specified
[24/04/2025 00:54:54] [WARNING] mysql_connect: no password specified
[24/04/2025 01:09:14] [WARNING] mysql_connect: no password specified
[24/04/2025 01:42:00] [WARNING] mysql_connect: no password specified
[24/04/2025 01:57:51] [WARNING] mysql_connect: no password specified
[25/04/2025 20:13:49] [WARNING] mysql_connect: no password specified
[25/04/2025 20:51:10] [WARNING] mysql_connect: no password specified
[25/04/2025 20:56:32] [WARNING] mysql_connect: no password specified
[25/04/2025 21:07:41] [WARNING] mysql_connect: no password specified
[25/04/2025 21:16:58] [WARNING] mysql_connect: no password specified
[25/04/2025 21:33:02] [WARNING] mysql_connect: no password specified
[26/04/2025 11:16:15] [WARNING] mysql_connect: no password specified
[26/04/2025 14:37:22] [WARNING] mysql_connect: no password specified
[26/04/2025 14:41:08] [WARNING] mysql_connect: no password specified
[26/04/2025 14:59:04] [WARNING] mysql_connect: no password specified
[26/04/2025 15:02:12] [WARNING] mysql_connect: no password specified
[26/04/2025 15:03:46] [WARNING] mysql_connect: no password specified
[26/04/2025 15:08:22] [WARNING] mysql_connect: no password specified
[26/04/2025 15:10:22] [WARNING] mysql_connect: no password specified
[26/04/2025 15:28:33] [WARNING] mysql_connect: no password specified
[26/04/2025 15:30:47] [WARNING] mysql_connect: no password specified
[26/04/2025 15:30:55] [WARNING] mysql_connect: no password specified
[26/04/2025 15:36:43] [WARNING] mysql_connect: no password specified
[26/04/2025 15:40:17] [WARNING] mysql_connect: no password specified
[26/04/2025 15:44:17] [WARNING] mysql_connect: no password specified
[26/04/2025 15:44:49] [WARNING] mysql_connect: no password specified
[26/04/2025 15:47:15] [WARNING] mysql_connect: no password specified
[26/04/2025 15:49:26] [WARNING] mysql_connect: no password specified
[26/04/2025 15:50:51] [WARNING] mysql_connect: no password specified
[26/04/2025 15:53:58] [WARNING] mysql_connect: no password specified
[26/04/2025 15:55:54] [WARNING] mysql_connect: no password specified
[26/04/2025 15:59:03] [WARNING] mysql_connect: no password specified
[26/04/2025 16:00:24] [WARNING] mysql_connect: no password specified
[26/04/2025 16:01:32] [WARNING] mysql_connect: no password specified
[26/04/2025 16:06:09] [WARNING] mysql_connect: no password specified
[26/04/2025 16:10:14] [WARNING] mysql_connect: no password specified
[26/04/2025 16:15:12] [WARNING] mysql_connect: no password specified
[26/04/2025 16:16:17] [WARNING] mysql_connect: no password specified
[26/04/2025 16:23:13] [WARNING] mysql_connect: no password specified
[26/04/2025 16:28:50] [WARNING] mysql_connect: no password specified
[26/04/2025 17:02:04] [WARNING] mysql_connect: no password specified
[26/04/2025 17:02:09] [ERROR] CConnection::CConnection - establishing connection to MySQL database failed: #2002 'Can't connect to MySQL server on 'localhost' (10061)'
[26/04/2025 17:02:17] [WARNING] mysql_connect: no password specified
[26/04/2025 17:02:21] [ERROR] CConnection::CConnection - establishing connection to MySQL database failed: #2002 'Can't connect to MySQL server on 'localhost' (10061)'
[26/04/2025 17:02:25] [ERROR] CConnection::CConnection - establishing connection to MySQL database failed: #2002 'Can't connect to MySQL server on 'localhost' (10061)'
[26/04/2025 17:02:29] [ERROR] CConnection::CConnection - establishing connection to MySQL database failed: #2002 'Can't connect to MySQL server on 'localhost' (10061)'
[26/04/2025 17:02:33] [ERROR] CConnection::CConnection - establishing connection to MySQL database failed: #2002 'Can't connect to MySQL server on 'localhost' (10061)'
[26/04/2025 17:03:25] [WARNING] mysql_connect: no password specified
[26/04/2025 17:03:29] [ERROR] CConnection::CConnection - establishing connection to MySQL database failed: #2002 'Can't connect to MySQL server on 'localhost' (10061)'
[26/04/2025 17:03:33] [ERROR] CConnection::CConnection - establishing connection to MySQL database failed: #2002 'Can't connect to MySQL server on 'localhost' (10061)'
[26/04/2025 17:03:38] [ERROR] CConnection::CConnection - establishing connection to MySQL database failed: #2002 'Can't connect to MySQL server on 'localhost' (10061)'
[26/04/2025 17:03:42] [ERROR] CConnection::CConnection - establishing connection to MySQL database failed: #2002 'Can't connect to MySQL server on 'localhost' (10061)'
[26/04/2025 17:04:46] [WARNING] mysql_connect: no password specified
[26/04/2025 17:48:34] [WARNING] mysql_connect: no password specified
[26/04/2025 17:49:57] [WARNING] mysql_connect: no password specified
[26/04/2025 17:51:28] [WARNING] mysql_connect: no password specified
[26/04/2025 17:54:26] [WARNING] mysql_connect: no password specified
[26/04/2025 17:57:39] [WARNING] mysql_connect: no password specified
[27/04/2025 12:07:04] [WARNING] mysql_connect: no password specified
[27/04/2025 12:11:11] [WARNING] mysql_connect: no password specified
